<?xml version="1.0" encoding="UTF-8"?>
<!-- Generated by org.testng.reporters.JUnitXMLReporter -->
<testsuite ignored="0" hostname="FDN-Prasetyos-MacBook-Pro.local" failures="0" tests="1" name="bdd-login" time="0.189" errors="0" timestamp="27 Dec 2019 11:03:40 GMT">
  <testcase classname="runner.MainRunner" name="@AfterClass writeExtentReport" time="0.003">
    <failure type="java.lang.NullPointerException">
      <![CDATA[java.lang.NullPointerException
at pageObjects.ActionBase.copyFileUsingStream(ActionBase.java:259)
at pageObjects.ActionBase.copyLatestExtentReport(ActionBase.java:292)
at runner.MainRunner.writeExtentReport(MainRunner.java:30)
... Removed 25 stack frames]]>
    </failure>
  </testcase> <!-- @AfterClass writeExtentReport -->
  <testcase classname="cucumber.api.testng.AbstractTestNGCucumberTests" name="feature" time="0.0">
    <skipped/>
  </testcase> <!-- feature -->
</testsuite> <!-- bdd-login -->
