<?xml version="1.0" encoding="UTF-8"?>
<testsuite xmlns:xsi="http://www.w3.org/2001/XMLSchema-instance" xsi:noNamespaceSchemaLocation="https://maven.apache.org/surefire/maven-surefire-plugin/xsd/surefire-test-report.xsd" name="TestSuite" time="88.521" tests="1" errors="0" skipped="0" failures="1">
  <properties>
[...]
</properties>
  <testcase name="feature" classname="runner.MainRunner" time="86.749">
    <failure message="org.openqa.selenium.TimeoutException: Expected condition failed: waiting for visibility of Located by By.chained({By.id: com.fdbr.android.debug:id/labelHello}) (tried for 10 second(s) with 500 milliseconds interval)" type="cucumber.runtime.CucumberException">cucumber.runtime.CucumberException: org.openqa.selenium.TimeoutException: Expected condition failed: waiting for visibility of Located by By.chained({By.id: com.fdbr.android.debug:id/labelHello}) (tried for 10 second(s) with 500 milliseconds interval)
Caused by: org.openqa.selenium.TimeoutException: Expected condition failed: waiting for visibility of Located by By.chained({By.id: com.fdbr.android.debug:id/labelHello}) (tried for 10 second(s) with 500 milliseconds interval)
Caused by: org.openqa.selenium.NoSuchElementException: Can't locate an element by this strategy: By.chained({By.id: com.fdbr.android.debug:id/labelHello})
Caused by: org.openqa.selenium.TimeoutException: Expected condition failed: waiting for io.appium.java_client.pagefactory.AppiumElementLocator$WaitingFunction@7555000d (tried for 1 second(s) with 500 milliseconds interval)
Caused by: org.openqa.selenium.NoSuchElementException: 
Cannot locate an element using By.chained({By.id: com.fdbr.android.debug:id/labelHello})
For documentation on this error, please visit: http://seleniumhq.org/exceptions/no_such_element.html
Build info: version: '3.12.0', revision: '7c6e0b3', time: '2018-05-08T14:04:26.12Z'
System info: host: 'FDN-Prasetyos-MacBook-Pro.local', ip: 'fe80:0:0:0:1cbb:860e:c81a:c7c5%en0', os.name: 'Mac OS X', os.arch: 'x86_64', os.version: '10.15.1', java.version: '11.0.4'
Driver info: driver.version: AndroidDriver
</failure>
    <system-out><![CDATA[Feature: Login into account
  
  In order to perform sucessfull login
  As user that have complete profile
  I should see greeting text, search bar, notification, ads

  @android
  Scenario Outline: Login to account with credentials               # Login.feature:8
    Given User navigates to onboarding screen by swipe
    When User click login button on onboarding screen
    Then User input "<username>" username and "<password>" password
    When User click login button on login screen
    Then User should be directed to homescreen
    And User can see product matches

    Examples: 
Appium server stopped
Appium server started
Appium server stopped
Appium server stopped

  @android
  Scenario Outline: Login to account with credentials          # Login.feature:18
    Given User navigates to onboarding screen by swipe         # OnBoardingSteps.user_navigates_to_onboarding_screen_by_swipe()
    When User click login button on onboarding screen          # OnBoardingSteps.user_click_login_button_on_onboarding_screen()
    Then User input "putwid" username and "tester123" password # LoginSteps.user_input_something_username_and_something_password(String,String)
    When User click login button on login screen               # LoginSteps.user_click_login_button_on_login_screen()
    Then User should be directed to homescreen                 # LoginSteps.User_should_be_directed_to_homescreen()
      org.openqa.selenium.TimeoutException: Expected condition failed: waiting for visibility of Located by By.chained({By.id: com.fdbr.android.debug:id/labelHello}) (tried for 10 second(s) with 500 milliseconds interval)
      	at org.openqa.selenium.support.ui.WebDriverWait.timeoutException(WebDriverWait.java:81)
      	at org.openqa.selenium.support.ui.FluentWait.until(FluentWait.java:271)
      	at pageObjects.ActionBase.isElementPresent(ActionBase.java:45)
      	at pageObjects.HomeScreen.verifyHomescreen(HomeScreen.java:88)
      	at stepDefinitions.LoginSteps.User_should_be_directed_to_homescreen(LoginSteps.java:29)
      	at ✽.Then User should be directed to homescreen(Login.feature:13)
      Caused by: org.openqa.selenium.NoSuchElementException: Can't locate an element by this strategy: By.chained({By.id: com.fdbr.android.debug:id/labelHello})
      	at io.appium.java_client.pagefactory.AppiumElementLocator.findElement(AppiumElementLocator.java:126)
      	at io.appium.java_client.pagefactory.interceptors.InterceptorOfASingleElement.intercept(InterceptorOfASingleElement.java:60)
      	at io.appium.java_client.android.AndroidElement$$EnhancerByCGLIB$$b598166c.isDisplayed(<generated>)
      	at org.openqa.selenium.support.ui.ExpectedConditions.elementIfVisible(ExpectedConditions.java:315)
      	at org.openqa.selenium.support.ui.ExpectedConditions.access$100(ExpectedConditions.java:44)
      	at org.openqa.selenium.support.ui.ExpectedConditions$10.apply(ExpectedConditions.java:301)
      	at org.openqa.selenium.support.ui.ExpectedConditions$10.apply(ExpectedConditions.java:298)
      	at org.openqa.selenium.support.ui.FluentWait.until(FluentWait.java:248)
      	at pageObjects.ActionBase.isElementPresent(ActionBase.java:45)
      	at pageObjects.HomeScreen.verifyHomescreen(HomeScreen.java:88)
      	at stepDefinitions.LoginSteps.User_should_be_directed_to_homescreen(LoginSteps.java:29)
      	at java.base/jdk.internal.reflect.NativeMethodAccessorImpl.invoke0(Native Method)
      	at java.base/jdk.internal.reflect.NativeMethodAccessorImpl.invoke(NativeMethodAccessorImpl.java:62)
      	at java.base/jdk.internal.reflect.DelegatingMethodAccessorImpl.invoke(DelegatingMethodAccessorImpl.java:43)
      	at java.base/java.lang.reflect.Method.invoke(Method.java:566)
      	at cucumber.runtime.Utils$1.call(Utils.java:40)
      	at cucumber.runtime.Timeout.timeout(Timeout.java:16)
      	at cucumber.runtime.Utils.invoke(Utils.java:34)
      	at cucumber.runtime.java.JavaStepDefinition.execute(JavaStepDefinition.java:38)
      	at cucumber.runtime.StepDefinitionMatch.runStep(StepDefinitionMatch.java:37)
      	at cucumber.runtime.Runtime.runStep(Runtime.java:300)
      	at cucumber.runtime.model.StepContainer.runStep(StepContainer.java:44)
      	at cucumber.runtime.model.StepContainer.runSteps(StepContainer.java:39)
      	at cucumber.runtime.model.CucumberScenario.run(CucumberScenario.java:44)
      	at cucumber.runtime.model.CucumberScenarioOutline.run(CucumberScenarioOutline.java:46)
      	at cucumber.runtime.model.CucumberFeature.run(CucumberFeature.java:165)
      	at cucumber.api.testng.TestNGCucumberRunner.runCucumber(TestNGCucumberRunner.java:63)
      	at cucumber.api.testng.AbstractTestNGCucumberTests.feature(AbstractTestNGCucumberTests.java:21)
      	at java.base/jdk.internal.reflect.NativeMethodAccessorImpl.invoke0(Native Method)
      	at java.base/jdk.internal.reflect.NativeMethodAccessorImpl.invoke(NativeMethodAccessorImpl.java:62)
      	at java.base/jdk.internal.reflect.DelegatingMethodAccessorImpl.invoke(DelegatingMethodAccessorImpl.java:43)
      	at java.base/java.lang.reflect.Method.invoke(Method.java:566)
      	at org.testng.internal.MethodInvocationHelper.invokeMethod(MethodInvocationHelper.java:124)
      	at org.testng.internal.Invoker.invokeMethod(Invoker.java:583)
      	at org.testng.internal.Invoker.invokeTestMethod(Invoker.java:719)
      	at org.testng.internal.Invoker.invokeTestMethods(Invoker.java:989)
      	at org.testng.internal.TestMethodWorker.invokeTestMethods(TestMethodWorker.java:125)
      	at org.testng.internal.TestMethodWorker.run(TestMethodWorker.java:109)
      	at org.testng.TestRunner.privateRun(TestRunner.java:648)
      	at org.testng.TestRunner.run(TestRunner.java:505)
      	at org.testng.SuiteRunner.runTest(SuiteRunner.java:455)
      	at org.testng.SuiteRunner.runSequentially(SuiteRunner.java:450)
      	at org.testng.SuiteRunner.privateRun(SuiteRunner.java:415)
      	at org.testng.SuiteRunner.run(SuiteRunner.java:364)
      	at org.testng.SuiteRunnerWorker.runSuite(SuiteRunnerWorker.java:52)
      	at org.testng.SuiteRunnerWorker.run(SuiteRunnerWorker.java:84)
      	at org.testng.TestNG.runSuitesSequentially(TestNG.java:1208)
      	at org.testng.TestNG.runSuitesLocally(TestNG.java:1137)
      	at org.testng.TestNG.runSuites(TestNG.java:1049)
      	at org.testng.TestNG.run(TestNG.java:1017)
      	at org.apache.maven.surefire.testng.TestNGExecutor.run(TestNGExecutor.java:283)
      	at org.apache.maven.surefire.testng.TestNGXmlTestSuite.execute(TestNGXmlTestSuite.java:75)
      	at org.apache.maven.surefire.testng.TestNGProvider.invoke(TestNGProvider.java:120)
      	at org.apache.maven.surefire.booter.ForkedBooter.invokeProviderInSameClassLoader(ForkedBooter.java:383)
      	at org.apache.maven.surefire.booter.ForkedBooter.runSuitesInProcess(ForkedBooter.java:344)
      	at org.apache.maven.surefire.booter.ForkedBooter.execute(ForkedBooter.java:125)
      	at org.apache.maven.surefire.booter.ForkedBooter.main(ForkedBooter.java:417)
      Caused by: org.openqa.selenium.TimeoutException: Expected condition failed: waiting for io.appium.java_client.pagefactory.AppiumElementLocator$WaitingFunction@7555000d (tried for 1 second(s) with 500 milliseconds interval)
      	at org.openqa.selenium.support.ui.FluentWait.timeoutException(FluentWait.java:303)
      	at org.openqa.selenium.support.ui.FluentWait.until(FluentWait.java:271)
      	at io.appium.java_client.pagefactory.AppiumElementLocator.waitFor(AppiumElementLocator.java:99)
      	at io.appium.java_client.pagefactory.AppiumElementLocator.findElement(AppiumElementLocator.java:119)
      	... 56 more
      Caused by: org.openqa.selenium.NoSuchElementException: Cannot locate an element using By.chained({By.id: com.fdbr.android.debug:id/labelHello})
      For documentation on this error, please visit: http://seleniumhq.org/exceptions/no_such_element.html
      Build info: version: '3.12.0', revision: '7c6e0b3', time: '2018-05-08T14:04:26.12Z'
      System info: host: 'FDN-Prasetyos-MacBook-Pro.local', ip: 'fe80:0:0:0:1cbb:860e:c81a:c7c5%en0', os.name: 'Mac OS X', os.arch: 'x86_64', os.version: '10.15.1', java.version: '11.0.4'
      Driver info: driver.version: AndroidDriver
      	at io.appium.java_client.pagefactory.bys.builder.ByChained.findElement(ByChained.java:74)
      	at org.openqa.selenium.remote.RemoteWebDriver.findElement(RemoteWebDriver.java:309)
      	at io.appium.java_client.DefaultGenericMobileDriver.findElement(DefaultGenericMobileDriver.java:58)
      	at io.appium.java_client.AppiumDriver.findElement(AppiumDriver.java:1)
      	at io.appium.java_client.android.AndroidDriver.findElement(AndroidDriver.java:1)
      	at io.appium.java_client.pagefactory.bys.ContentMappedBy.findElement(ContentMappedBy.java:50)
      	at org.openqa.selenium.remote.RemoteWebDriver.findElement(RemoteWebDriver.java:309)
      	at io.appium.java_client.DefaultGenericMobileDriver.findElement(DefaultGenericMobileDriver.java:58)
      	at io.appium.java_client.AppiumDriver.findElement(AppiumDriver.java:1)
      	at io.appium.java_client.android.AndroidDriver.findElement(AndroidDriver.java:1)
      	at io.appium.java_client.pagefactory.AppiumElementLocator.lambda$0(AppiumElementLocator.java:120)
      	at io.appium.java_client.pagefactory.AppiumElementLocator$WaitingFunction.apply(AppiumElementLocator.java:172)
      	at io.appium.java_client.pagefactory.AppiumElementLocator$WaitingFunction.apply(AppiumElementLocator.java:1)
      	at org.openqa.selenium.support.ui.FluentWait.until(FluentWait.java:248)
      	... 58 more

    And User can see product matches                           # LoginSteps.user_can_see_product_matches()
]]></system-out>
    <system-err><![CDATA[Dec 27, 2019 6:50:56 PM io.appium.java_client.remote.AppiumCommandExecutor$1 lambda$0
INFO: Detected dialect: W3C
]]></system-err>
  </testcase>
</testsuite>